2016-11-04T09:44:13.816Z - info: Initialize slaManager from: "https://designer.governify.io:10843/rcis-unex/rcis/nimBees/plans.oai-at?accessToken=962b9d32-c615-498b-91d7-9e374d3a94d4"
2016-11-04T09:44:14.201Z - info: Create {
  "name": "nimbees1",
  "url": "https://api.nimbees.com/nimbees_platform_server_api/",
  "swagger_url": "https://designer.governify.io:10843/rcis-unex/rcis/nimBees/swagger.yaml?accessToken=962b9d32-c615-498b-91d7-9e374d3a94d4",
  "port": 8889
}
2016-11-04T09:44:30.837Z - info: Referer from: undefined as service: No referer 
2016-11-04T09:44:30.837Z - info: Proxing internal /nimbees1/sendNotification?apikey=e010f506e405 ...
2016-11-04T09:44:30.837Z - info: Sending to: {"hostname":"localhost","port":8889,"path":"/sendNotification?apikey=e010f506e405"}
2016-11-04T09:44:31.613Z - info: Sending to server: https://api.nimbees.com/nimbees_platform_server_api//sendNotification?apikey=e010f506e405...
2016-11-04T09:44:31.889Z - error: uncaughtException: Cannot read property 'statusCode' of undefined date=Fri Nov 04 2016 10:44:31 GMT+0100 (Hora est치ndar romance), pid=16108, uid=null, gid=null, cwd=C:\Users\isa-tecnico\Documents\R_oai-repos\governify-gateway, execPath=C:\Program Files\nodejs\node.exe, version=v5.10.1, argv=[C:\Program Files\nodejs\node.exe, C:\Users\isa-tecnico\Documents\R_oai-repos\governify-gateway\index.js], rss=70758400, heapTotal=60104704, heapUsed=35959560, loadavg=[0, 0, 0], uptime=149128.3889257, trace=[column=56, file=C:\Users\isa-tecnico\Documents\R_oai-repos\governify-gateway\proxies\single.js, function=Request._callback, line=28, method=_callback, native=false, column=22, file=C:\Users\isa-tecnico\Documents\R_oai-repos\governify-gateway\node_modules\request\request.js, function=self.callback, line=186, method=callback, native=false, column=20, file=events.js, function=emitOne, line=95, method=null, native=false, column=7, file=events.js, function=Request.emit, line=182, method=emit, native=false, column=8, file=C:\Users\isa-tecnico\Documents\R_oai-repos\governify-gateway\node_modules\request\request.js, function=Request.onRequestError, line=845, method=onRequestError, native=false, column=13, file=events.js, function=emitOne, line=90, method=null, native=false, column=7, file=events.js, function=ClientRequest.emit, line=182, method=emit, native=false, column=9, file=_http_client.js, function=TLSSocket.socketErrorListener, line=306, method=socketErrorListener, native=false, column=13, file=events.js, function=emitOne, line=90, method=null, native=false, column=7, file=events.js, function=TLSSocket.emit, line=182, method=emit, native=false], stack=[TypeError: Cannot read property 'statusCode' of undefined,     at Request._callback (C:\Users\isa-tecnico\Documents\R_oai-repos\governify-gateway\proxies\single.js:28:56),     at self.callback (C:\Users\isa-tecnico\Documents\R_oai-repos\governify-gateway\node_modules\request\request.js:186:22),     at emitOne (events.js:95:20),     at Request.emit (events.js:182:7),     at Request.onRequestError (C:\Users\isa-tecnico\Documents\R_oai-repos\governify-gateway\node_modules\request\request.js:845:8),     at emitOne (events.js:90:13),     at ClientRequest.emit (events.js:182:7),     at TLSSocket.socketErrorListener (_http_client.js:306:9),     at emitOne (events.js:90:13),     at TLSSocket.emit (events.js:182:7)]
2016-11-04T09:44:31.933Z - info: Status from proxied server: 503
2016-11-04T09:44:31.933Z - info: Piping response...
2016-11-04T09:45:36.894Z - info: Referer from: undefined as service: No referer 
2016-11-04T09:45:36.894Z - info: Proxing internal http://www.baidu.com/cache/global/img/gs.gif ...
2016-11-04T09:45:36.894Z - info: There is not service registered for name 
2016-11-04T10:15:48.687Z - info: Referer from: undefined as service: No referer 
2016-11-04T10:15:48.687Z - info: Proxing internal /nimbees1/sendNotification?apikey=e010f506e405 ...
2016-11-04T10:15:48.687Z - info: Sending to: {"hostname":"localhost","port":8889,"path":"/sendNotification?apikey=e010f506e405"}
2016-11-04T10:15:49.488Z - info: Sending to server: https://api.nimbees.com/nimbees_platform_server_api//sendNotification?apikey=e010f506e405...
2016-11-04T10:15:49.750Z - error: uncaughtException: Cannot read property 'statusCode' of undefined date=Fri Nov 04 2016 11:15:49 GMT+0100 (Hora est치ndar romance), pid=16108, uid=null, gid=null, cwd=C:\Users\isa-tecnico\Documents\R_oai-repos\governify-gateway, execPath=C:\Program Files\nodejs\node.exe, version=v5.10.1, argv=[C:\Program Files\nodejs\node.exe, C:\Users\isa-tecnico\Documents\R_oai-repos\governify-gateway\index.js], rss=72724480, heapTotal=60104704, heapUsed=37259464, loadavg=[0, 0, 0], uptime=151006.252212, trace=[column=56, file=C:\Users\isa-tecnico\Documents\R_oai-repos\governify-gateway\proxies\single.js, function=Request._callback, line=28, method=_callback, native=false, column=22, file=C:\Users\isa-tecnico\Documents\R_oai-repos\governify-gateway\node_modules\request\request.js, function=self.callback, line=186, method=callback, native=false, column=20, file=events.js, function=emitOne, line=95, method=null, native=false, column=7, file=events.js, function=Request.emit, line=182, method=emit, native=false, column=8, file=C:\Users\isa-tecnico\Documents\R_oai-repos\governify-gateway\node_modules\request\request.js, function=Request.onRequestError, line=845, method=onRequestError, native=false, column=13, file=events.js, function=emitOne, line=90, method=null, native=false, column=7, file=events.js, function=ClientRequest.emit, line=182, method=emit, native=false, column=9, file=_http_client.js, function=TLSSocket.socketErrorListener, line=306, method=socketErrorListener, native=false, column=13, file=events.js, function=emitOne, line=90, method=null, native=false, column=7, file=events.js, function=TLSSocket.emit, line=182, method=emit, native=false], stack=[TypeError: Cannot read property 'statusCode' of undefined,     at Request._callback (C:\Users\isa-tecnico\Documents\R_oai-repos\governify-gateway\proxies\single.js:28:56),     at self.callback (C:\Users\isa-tecnico\Documents\R_oai-repos\governify-gateway\node_modules\request\request.js:186:22),     at emitOne (events.js:95:20),     at Request.emit (events.js:182:7),     at Request.onRequestError (C:\Users\isa-tecnico\Documents\R_oai-repos\governify-gateway\node_modules\request\request.js:845:8),     at emitOne (events.js:90:13),     at ClientRequest.emit (events.js:182:7),     at TLSSocket.socketErrorListener (_http_client.js:306:9),     at emitOne (events.js:90:13),     at TLSSocket.emit (events.js:182:7)]
2016-11-04T10:15:49.758Z - info: Status from proxied server: 503
2016-11-04T10:15:49.758Z - info: Piping response...
2016-11-04T10:17:32.157Z - info: Your server is listening  on port 8888 (http://localhost:8888/api/v1)
2016-11-04T10:17:32.159Z - info: Swagger-ui is available on http://localhost:8888/api/v1/docs
2016-11-04T10:17:38.548Z - info: Referer from: undefined as service: No referer 
2016-11-04T10:17:38.548Z - info: Proxing internal /nimbees1/sendNotification?apikey=e010f506e405 ...
2016-11-04T10:17:38.548Z - info: There is not service registered for name nimbees1
2016-11-04T10:17:50.075Z - info: Initialize slaManager from: "https://designer.governify.io:10843/rcis-unex/rcis/nimBees/plans.oai-at?accessToken=962b9d32-c615-498b-91d7-9e374d3a94d4"
2016-11-04T10:17:50.442Z - info: Create {
  "name": "nimbees1",
  "url": "https://api.nimbees.com/nimbees_platform_server_api/",
  "swagger_url": "https://designer.governify.io:10843/rcis-unex/rcis/nimBees/swagger.yaml?accessToken=962b9d32-c615-498b-91d7-9e374d3a94d4",
  "port": 8889
}
2016-11-04T10:17:56.557Z - info: Referer from: undefined as service: No referer 
2016-11-04T10:17:56.557Z - info: Proxing internal /nimbees1/sendNotification?apikey=e010f506e405 ...
2016-11-04T10:17:56.558Z - info: Sending to: {"hostname":"localhost","port":8889,"path":"/sendNotification?apikey=e010f506e405"}
2016-11-04T10:17:57.194Z - info: Sending to server: https://api.nimbees.com/nimbees_platform_server_api//sendNotification?apikey=e010f506e405...
2016-11-04T10:17:57.429Z - error: uncaughtException: Cannot read property 'status' of undefined date=Fri Nov 04 2016 11:17:57 GMT+0100 (Hora est치ndar romance), pid=17992, uid=null, gid=null, cwd=C:\Users\isa-tecnico\Documents\R_oai-repos\governify-gateway, execPath=C:\Program Files\nodejs\node.exe, version=v5.10.1, argv=[C:\Program Files\nodejs\node.exe, C:\Users\isa-tecnico\Documents\R_oai-repos\governify-gateway\index.js], rss=71213056, heapTotal=60104704, heapUsed=35949504, loadavg=[0, 0, 0], uptime=151133.9298538, trace=[column=56, file=C:\Users\isa-tecnico\Documents\R_oai-repos\governify-gateway\proxies\single.js, function=Request._callback, line=28, method=_callback, native=false, column=22, file=C:\Users\isa-tecnico\Documents\R_oai-repos\governify-gateway\node_modules\request\request.js, function=self.callback, line=186, method=callback, native=false, column=20, file=events.js, function=emitOne, line=95, method=null, native=false, column=7, file=events.js, function=Request.emit, line=182, method=emit, native=false, column=8, file=C:\Users\isa-tecnico\Documents\R_oai-repos\governify-gateway\node_modules\request\request.js, function=Request.onRequestError, line=845, method=onRequestError, native=false, column=13, file=events.js, function=emitOne, line=90, method=null, native=false, column=7, file=events.js, function=ClientRequest.emit, line=182, method=emit, native=false, column=9, file=_http_client.js, function=TLSSocket.socketErrorListener, line=306, method=socketErrorListener, native=false, column=13, file=events.js, function=emitOne, line=90, method=null, native=false, column=7, file=events.js, function=TLSSocket.emit, line=182, method=emit, native=false], stack=[TypeError: Cannot read property 'status' of undefined,     at Request._callback (C:\Users\isa-tecnico\Documents\R_oai-repos\governify-gateway\proxies\single.js:28:56),     at self.callback (C:\Users\isa-tecnico\Documents\R_oai-repos\governify-gateway\node_modules\request\request.js:186:22),     at emitOne (events.js:95:20),     at Request.emit (events.js:182:7),     at Request.onRequestError (C:\Users\isa-tecnico\Documents\R_oai-repos\governify-gateway\node_modules\request\request.js:845:8),     at emitOne (events.js:90:13),     at ClientRequest.emit (events.js:182:7),     at TLSSocket.socketErrorListener (_http_client.js:306:9),     at emitOne (events.js:90:13),     at TLSSocket.emit (events.js:182:7)]
2016-11-04T10:17:57.444Z - info: Status from proxied server: 503
2016-11-04T10:17:57.444Z - info: Piping response...
2016-11-04T10:18:40.094Z - info: Your server is listening  on port 8888 (http://localhost:8888/api/v1)
2016-11-04T10:18:40.096Z - info: Swagger-ui is available on http://localhost:8888/api/v1/docs
2016-11-04T10:18:56.509Z - info: Initialize slaManager from: "https://designer.governify.io:10843/rcis-unex/rcis/nimBees/plans.oai-at?accessToken=962b9d32-c615-498b-91d7-9e374d3a94d4"
2016-11-04T10:18:56.881Z - info: Create {
  "name": "nimbees1",
  "url": "https://api.nimbees.com/nimbees_platform_server_api/",
  "swagger_url": "https://designer.governify.io:10843/rcis-unex/rcis/nimBees/swagger.yaml?accessToken=962b9d32-c615-498b-91d7-9e374d3a94d4",
  "port": 8889
}
2016-11-04T10:19:01.364Z - info: Referer from: undefined as service: No referer 
2016-11-04T10:19:01.364Z - info: Proxing internal /nimbees1/sendNotification?apikey=e010f506e405 ...
2016-11-04T10:19:01.364Z - info: Sending to: {"hostname":"localhost","port":8889,"path":"/sendNotification?apikey=e010f506e405"}
2016-11-04T10:19:02.007Z - info: Sending to server: https://api.nimbees.com/nimbees_platform_server_api//sendNotification?apikey=e010f506e405...
2016-11-04T10:19:02.237Z - info: Status from proxied server: 503
2016-11-04T10:19:02.237Z - info: Piping response...
2016-11-04T10:19:58.289Z - info: Your server is listening  on port 8888 (http://localhost:8888/api/v1)
2016-11-04T10:19:58.291Z - info: Swagger-ui is available on http://localhost:8888/api/v1/docs
2016-11-04T10:20:01.360Z - info: Initialize slaManager from: "https://designer.governify.io:10843/rcis-unex/rcis/nimBees/plans.oai-at?accessToken=962b9d32-c615-498b-91d7-9e374d3a94d4"
2016-11-04T10:20:01.739Z - info: Create {
  "name": "nimbees1",
  "url": "https://api.nimbees.com/nimbees_platform_server_api",
  "swagger_url": "https://designer.governify.io:10843/rcis-unex/rcis/nimBees/swagger.yaml?accessToken=962b9d32-c615-498b-91d7-9e374d3a94d4",
  "port": 8889
}
2016-11-04T10:20:07.866Z - info: Referer from: undefined as service: No referer 
2016-11-04T10:20:07.866Z - info: Proxing internal /nimbees1/sendNotification?apikey=e010f506e405 ...
2016-11-04T10:20:07.866Z - info: Sending to: {"hostname":"localhost","port":8889,"path":"/sendNotification?apikey=e010f506e405"}
2016-11-04T10:20:08.668Z - info: Sending to server: https://api.nimbees.com/nimbees_platform_server_api/sendNotification?apikey=e010f506e405...
2016-11-04T10:20:08.902Z - info: Status from proxied server: 503
2016-11-04T10:20:08.902Z - info: Piping response...
2016-11-04T10:22:15.030Z - info: Your server is listening  on port 8888 (http://localhost:8888/api/v1)
2016-11-04T10:22:15.032Z - info: Swagger-ui is available on http://localhost:8888/api/v1/docs
2016-11-04T10:22:24.400Z - info: Initialize slaManager from: "https://designer.governify.io:10843/rcis-unex/rcis/nimBees/plans.oai-at?accessToken=962b9d32-c615-498b-91d7-9e374d3a94d4"
2016-11-04T10:22:24.765Z - info: Create {
  "name": "nimbees1",
  "url": "https://api.nimbees.com/nimbees_platform_server_api",
  "swagger_url": "https://designer.governify.io:10843/rcis-unex/rcis/nimBees/swagger.yaml?accessToken=962b9d32-c615-498b-91d7-9e374d3a94d4",
  "port": 8889
}
2016-11-04T10:22:29.962Z - info: Referer from: undefined as service: No referer 
2016-11-04T10:22:29.962Z - info: Proxing internal /nimbees1/sendNotification?apikey=e010f506e405 ...
2016-11-04T10:22:29.962Z - info: Sending to: {"hostname":"localhost","port":8889,"path":"/sendNotification?apikey=e010f506e405"}
2016-11-04T10:22:30.724Z - info: Sending to server: https://api.nimbees.com/nimbees_platform_server_api/sendNotification?apikey=e010f506e405...
2016-11-04T10:22:30.965Z - warning:  Error: Hostname/IP doesn't match certificate's altnames: "Host: api.nimbees.com/nimbees_platform_server_api. is not in the cert's altnames: DNS:*.nimbees.com, DNS:nimbees.com"
    at Object.checkServerIdentity (tls.js:201:15)
    at TLSSocket.<anonymous> (_tls_wrap.js:1071:29)
    at emitNone (events.js:80:13)
    at TLSSocket.emit (events.js:179:7)
    at TLSSocket._init.ssl.onclienthello.ssl.oncertcb.TLSSocket._finishInit (_tls_wrap.js:593:8)
    at TLSWrap.ssl.onclienthello.ssl.oncertcb.ssl.onnewsession.ssl.onhandshakedone (_tls_wrap.js:425:38)
2016-11-04T10:22:30.967Z - info: Status from proxied server: 503
2016-11-04T10:22:30.967Z - info: Piping response...
2016-11-04T10:24:15.996Z - info: Your server is listening  on port 8888 (http://localhost:8888/api/v1)
2016-11-04T10:24:15.998Z - info: Swagger-ui is available on http://localhost:8888/api/v1/docs
2016-11-04T10:24:20.816Z - info: Your server is listening  on port 8888 (http://localhost:8888/api/v1)
2016-11-04T10:24:20.818Z - info: Swagger-ui is available on http://localhost:8888/api/v1/docs
2016-11-04T10:24:34.148Z - info: Initialize slaManager from: "https://designer.governify.io:10843/rcis-unex/rcis/nimBees/plans.oai-at?accessToken=962b9d32-c615-498b-91d7-9e374d3a94d4"
2016-11-04T10:24:34.532Z - info: Create {
  "name": "nimbees1",
  "url": "https://api.nimbees.com/nimbees_platform_server_api",
  "swagger_url": "https://designer.governify.io:10843/rcis-unex/rcis/nimBees/swagger.yaml?accessToken=962b9d32-c615-498b-91d7-9e374d3a94d4",
  "port": 8889
}
2016-11-04T10:24:38.307Z - info: Referer from: undefined as service: No referer 
2016-11-04T10:24:38.307Z - info: Proxing internal /nimbees1/sendNotification?apikey=e010f506e405 ...
2016-11-04T10:24:38.307Z - info: Sending to: {"hostname":"localhost","port":8889,"path":"/sendNotification?apikey=e010f506e405"}
2016-11-04T10:24:38.935Z - info: Sending to server: https://api.nimbees.com/nimbees_platform_server_api/sendNotification?apikey=e010f506e405...
2016-11-04T10:24:41.246Z - warning:  Error: Hostname/IP doesn't match certificate's altnames: "Host: api.nimbees.com/nimbees_platform_server_api. is not in the cert's altnames: DNS:*.nimbees.com, DNS:nimbees.com"
    at Object.checkServerIdentity (tls.js:201:15)
    at TLSSocket.<anonymous> (_tls_wrap.js:1071:29)
    at emitNone (events.js:80:13)
    at TLSSocket.emit (events.js:179:7)
    at TLSSocket._init.ssl.onclienthello.ssl.oncertcb.TLSSocket._finishInit (_tls_wrap.js:593:8)
    at TLSWrap.ssl.onclienthello.ssl.oncertcb.ssl.onnewsession.ssl.onhandshakedone (_tls_wrap.js:425:38)
2016-11-04T10:24:41.249Z - info: Status from proxied server: 503
2016-11-04T10:24:41.249Z - info: Piping response...
2016-11-04T10:28:04.385Z - info: Your server is listening  on port 8888 (http://localhost:8888/api/v1)
2016-11-04T10:28:04.387Z - info: Swagger-ui is available on http://localhost:8888/api/v1/docs
2016-11-04T10:28:18.729Z - info: Initialize slaManager from: "https://designer.governify.io:10843/rcis-unex/rcis/nimBees/plans.oai-at?accessToken=962b9d32-c615-498b-91d7-9e374d3a94d4"
2016-11-04T10:28:19.095Z - info: Create {
  "name": "nimbees1",
  "url": "https://api.nimbees.com/nimbees_platform_server_api",
  "swagger_url": "https://designer.governify.io:10843/rcis-unex/rcis/nimBees/swagger.yaml?accessToken=962b9d32-c615-498b-91d7-9e374d3a94d4",
  "port": 8889
}
2016-11-04T10:28:26.431Z - info: Referer from: undefined as service: No referer 
2016-11-04T10:28:26.431Z - info: Proxing internal /nimbees1/sendNotification?apikey=e010f506e405 ...
2016-11-04T10:28:26.431Z - info: Sending to: {"hostname":"localhost","port":8889,"path":"/sendNotification?apikey=e010f506e405"}
2016-11-04T10:28:27.129Z - info: Sending to server: https://api.nimbees.com/nimbees_platform_server_api/sendNotification?apikey=e010f506e405...
2016-11-04T10:28:27.440Z - info: Response from server: undefined
2016-11-04T10:28:27.442Z - info: Status from proxied server: 401
2016-11-04T10:28:27.442Z - info: Piping response...
2016-11-04T10:31:27.159Z - info: Your server is listening  on port 8888 (http://localhost:8888/api/v1)
2016-11-04T10:31:27.161Z - info: Swagger-ui is available on http://localhost:8888/api/v1/docs
2016-11-04T10:31:37.908Z - info: Initialize slaManager from: "https://designer.governify.io:10843/rcis-unex/rcis/nimBees/plans.oai-at?accessToken=962b9d32-c615-498b-91d7-9e374d3a94d4"
2016-11-04T10:31:38.287Z - info: Create {
  "name": "nimbees1",
  "url": "https://api.nimbees.com/nimbees_platform_server_api",
  "swagger_url": "https://designer.governify.io:10843/rcis-unex/rcis/nimBees/swagger.yaml?accessToken=962b9d32-c615-498b-91d7-9e374d3a94d4",
  "port": 8889
}
2016-11-04T10:31:41.597Z - info: Referer from: undefined as service: No referer 
2016-11-04T10:31:41.597Z - info: Proxing internal /nimbees1/sendNotification?apikey=e010f506e405 ...
2016-11-04T10:31:41.597Z - info: Sending to: {"hostname":"localhost","port":8889,"path":"/sendNotification?apikey=e010f506e405"}
2016-11-04T10:31:42.240Z - info: Sending to server: https://api.nimbees.com/nimbees_platform_server_api/sendNotification?apikey=e010f506e405...
2016-11-04T10:31:42.588Z - info: Response from server: undefined
2016-11-04T10:31:42.591Z - info: Status from proxied server: 401
2016-11-04T10:31:42.591Z - info: Piping response...
2016-11-04T10:32:50.916Z - info: Your server is listening  on port 8888 (http://localhost:8888/api/v1)
2016-11-04T10:32:50.918Z - info: Swagger-ui is available on http://localhost:8888/api/v1/docs
2016-11-04T10:33:00.478Z - info: Initialize slaManager from: "https://designer.governify.io:10843/rcis-unex/rcis/nimBees/plans.oai-at?accessToken=962b9d32-c615-498b-91d7-9e374d3a94d4"
2016-11-04T10:33:00.845Z - info: Create {
  "name": "nimbees1",
  "url": "https://api.nimbees.com/nimbees_platform_server_api",
  "swagger_url": "https://designer.governify.io:10843/rcis-unex/rcis/nimBees/swagger.yaml?accessToken=962b9d32-c615-498b-91d7-9e374d3a94d4",
  "port": 8889
}
2016-11-04T10:33:05.517Z - info: Referer from: undefined as service: No referer 
2016-11-04T10:33:05.517Z - info: Proxing internal /nimbees1/sendNotification?apikey=e010f506e405 ...
2016-11-04T10:33:05.517Z - info: Sending to: {"hostname":"localhost","port":8889,"path":"/sendNotification?apikey=e010f506e405"}
2016-11-04T10:33:06.122Z - info: Sending to server: https://api.nimbees.com/nimbees_platform_server_api/sendNotification?apikey=e010f506e405...
2016-11-04T10:33:06.122Z - info: There's a authorization header: undefined
2016-11-04T10:33:06.435Z - info: Response from server: undefined
2016-11-04T10:33:06.437Z - info: Status from proxied server: 401
2016-11-04T10:33:06.437Z - info: Piping response...
2016-11-04T10:33:38.078Z - info: Your server is listening  on port 8888 (http://localhost:8888/api/v1)
2016-11-04T10:33:38.080Z - info: Swagger-ui is available on http://localhost:8888/api/v1/docs
2016-11-04T10:33:47.130Z - info: Initialize slaManager from: "https://designer.governify.io:10843/rcis-unex/rcis/nimBees/plans.oai-at?accessToken=962b9d32-c615-498b-91d7-9e374d3a94d4"
2016-11-04T10:33:47.507Z - info: Create {
  "name": "nimbees1",
  "url": "https://api.nimbees.com/nimbees_platform_server_api",
  "swagger_url": "https://designer.governify.io:10843/rcis-unex/rcis/nimBees/swagger.yaml?accessToken=962b9d32-c615-498b-91d7-9e374d3a94d4",
  "port": 8889
}
2016-11-04T10:33:50.286Z - info: Referer from: undefined as service: No referer 
2016-11-04T10:33:50.287Z - info: Proxing internal /nimbees1/sendNotification?apikey=e010f506e405 ...
2016-11-04T10:33:50.287Z - info: Sending to: {"hostname":"localhost","port":8889,"path":"/sendNotification?apikey=e010f506e405"}
2016-11-04T10:33:51.907Z - info: Sending to server: https://api.nimbees.com/nimbees_platform_server_api/sendNotification?apikey=e010f506e405...
2016-11-04T10:33:51.907Z - info: There's a authorization header: [object Object]
2016-11-04T10:33:52.130Z - info: Response from server: undefined
2016-11-04T10:33:52.132Z - info: Status from proxied server: 401
2016-11-04T10:33:52.133Z - info: Piping response...
2016-11-04T10:37:16.941Z - info: Your server is listening  on port 8888 (http://localhost:8888/api/v1)
2016-11-04T10:37:16.944Z - info: Swagger-ui is available on http://localhost:8888/api/v1/docs
2016-11-04T10:37:35.459Z - info: Initialize slaManager from: "https://designer.governify.io:10843/rcis-unex/rcis/nimBees/plans.oai-at?accessToken=962b9d32-c615-498b-91d7-9e374d3a94d4"
2016-11-04T10:37:35.836Z - info: Create {
  "name": "nimbees1",
  "url": "https://api.nimbees.com/nimbees_platform_server_api",
  "swagger_url": "https://designer.governify.io:10843/rcis-unex/rcis/nimBees/swagger.yaml?accessToken=962b9d32-c615-498b-91d7-9e374d3a94d4",
  "port": 8889
}
2016-11-04T10:37:39.744Z - info: Referer from: undefined as service: No referer 
2016-11-04T10:37:39.744Z - info: Proxing internal /nimbees1/sendNotification?apikey=e010f506e405 ...
2016-11-04T10:37:39.745Z - info: Sending to: {"hostname":"localhost","port":8889,"path":"/sendNotification?apikey=e010f506e405"}
2016-11-04T10:37:40.371Z - info: Sending to server: https://api.nimbees.com/nimbees_platform_server_api/sendNotification?apikey=e010f506e405...
2016-11-04T10:37:40.371Z - info: Headers to be sent to new request: {"host":"api.nimbees.com/nimbees_platform_server_api","connection":"close"}
2016-11-04T10:37:40.662Z - info: Response from server: undefined
2016-11-04T10:37:40.664Z - info: Status from proxied server: 401
2016-11-04T10:37:40.664Z - info: Piping response...
2016-11-04T10:40:02.953Z - info: Referer from: undefined as service: No referer 
2016-11-04T10:40:02.953Z - info: Proxing internal /nimbees1/sendNotification?apikey=e010f506e405 ...
2016-11-04T10:40:02.954Z - info: Sending to: {"hostname":"localhost","port":8889,"path":"/sendNotification?apikey=e010f506e405"}
2016-11-04T10:40:03.640Z - info: Sending to server: https://api.nimbees.com/nimbees_platform_server_api/sendNotification?apikey=e010f506e405...
2016-11-04T10:40:03.641Z - info: Headers to be sent to new request: {"host":"api.nimbees.com/nimbees_platform_server_api","connection":"close"}
2016-11-04T10:40:03.928Z - info: Response from server: undefined
2016-11-04T10:40:03.929Z - info: Status from proxied server: 401
2016-11-04T10:40:03.929Z - info: Piping response...
2016-11-04T10:40:21.359Z - info: Referer from: undefined as service: No referer 
2016-11-04T10:40:21.359Z - info: Proxing internal /nimbees1/sendNotification?apikey=e010f506e405 ...
2016-11-04T10:40:21.359Z - info: Sending to: {"hostname":"localhost","port":8889,"path":"/sendNotification?apikey=e010f506e405"}
2016-11-04T10:40:21.980Z - info: Sending to server: https://api.nimbees.com/nimbees_platform_server_api/sendNotification?apikey=e010f506e405...
2016-11-04T10:40:21.980Z - info: Headers to be sent to new request: {"host":"api.nimbees.com/nimbees_platform_server_api","connection":"close"}
2016-11-04T10:40:22.145Z - info: Response from server: undefined
2016-11-04T10:40:22.147Z - info: Status from proxied server: 401
2016-11-04T10:40:22.147Z - info: Piping response...
2016-11-04T10:53:32.788Z - error: uncaughtException: missing ) after argument list date=Fri Nov 04 2016 11:53:32 GMT+0100 (Hora est치ndar romance), pid=16632, uid=null, gid=null, cwd=C:\Users\isa-tecnico\Documents\R_oai-repos\governify-gateway, execPath=C:\Program Files\nodejs\node.exe, version=v5.10.1, argv=[C:\Program Files\nodejs\node.exe, C:\Users\isa-tecnico\Documents\R_oai-repos\governify-gateway\index.js], rss=48369664, heapTotal=34330368, heapUsed=23224232, loadavg=[0, 0, 0], uptime=153269.2869099, trace=[column=16, file=vm.js, function=exports.runInThisContext, line=53, method=runInThisContext, native=false, column=25, file=module.js, function=Module._compile, line=387, method=_compile, native=false, column=10, file=module.js, function=Object.Module._extensions..js, line=422, method=Module._extensions..js, native=false, column=32, file=module.js, function=Module.load, line=357, method=load, native=false, column=12, file=module.js, function=Function.Module._load, line=314, method=Module._load, native=false, column=17, file=module.js, function=Module.require, line=367, method=require, native=false, column=19, file=internal/module.js, function=require, line=16, method=null, native=false, column=15, file=C:\Users\isa-tecnico\Documents\R_oai-repos\governify-gateway\index.js, function=, line=14, method=null, native=false, column=34, file=module.js, function=Module._compile, line=413, method=_compile, native=false, column=10, file=module.js, function=Object.Module._extensions..js, line=422, method=Module._extensions..js, native=false], stack=[SyntaxError: missing ) after argument list,     at exports.runInThisContext (vm.js:53:16),     at Module._compile (module.js:387:25),     at Object.Module._extensions..js (module.js:422:10),     at Module.load (module.js:357:32),     at Function.Module._load (module.js:314:12),     at Module.require (module.js:367:17),     at require (internal/module.js:16:19),     at Object.<anonymous> (C:\Users\isa-tecnico\Documents\R_oai-repos\governify-gateway\index.js:14:15),     at Module._compile (module.js:413:34),     at Object.Module._extensions..js (module.js:422:10)]
2016-11-04T10:54:14.592Z - info: Your server is listening  on port 8888 (http://localhost:8888/api/v1)
2016-11-04T10:54:14.594Z - info: Swagger-ui is available on http://localhost:8888/api/v1/docs
2016-11-04T10:54:20.559Z - info: Initialize slaManager from: "https://designer.governify.io:10843/rcis-unex/rcis/nimBees/plans.oai-at?accessToken=962b9d32-c615-498b-91d7-9e374d3a94d4"
2016-11-04T10:54:20.938Z - info: Create {
  "name": "nimbees1",
  "url": "https://api.nimbees.com/nimbees_platform_server_api",
  "swagger_url": "https://designer.governify.io:10843/rcis-unex/rcis/nimBees/swagger.yaml?accessToken=962b9d32-c615-498b-91d7-9e374d3a94d4",
  "port": 8889
}
2016-11-04T10:54:26.814Z - info: Referer from: undefined as service: No referer 
2016-11-04T10:54:26.814Z - info: Proxing internal /nimbees1/sendNotification?apikey=e010f506e405 ...
2016-11-04T10:54:26.814Z - info: Sending to: {"hostname":"localhost","port":8889,"path":"/sendNotification?apikey=e010f506e405"}
2016-11-04T10:55:07.811Z - info: Your server is listening  on port 8888 (http://localhost:8888/api/v1)
2016-11-04T10:55:07.813Z - info: Swagger-ui is available on http://localhost:8888/api/v1/docs
2016-11-04T10:55:15.411Z - info: Initialize slaManager from: "https://designer.governify.io:10843/rcis-unex/rcis/nimBees/plans.oai-at?accessToken=962b9d32-c615-498b-91d7-9e374d3a94d4"
2016-11-04T10:55:15.801Z - info: Create {
  "name": "nimbees1",
  "url": "https://api.nimbees.com/nimbees_platform_server_api",
  "swagger_url": "https://designer.governify.io:10843/rcis-unex/rcis/nimBees/swagger.yaml?accessToken=962b9d32-c615-498b-91d7-9e374d3a94d4",
  "port": 8889
}
2016-11-04T10:55:20.245Z - info: Referer from: undefined as service: No referer 
2016-11-04T10:55:20.245Z - info: Proxing internal /nimbees1/sendNotification?apikey=e010f506e405 ...
2016-11-04T10:55:20.245Z - info: Sending to: {"hostname":"localhost","port":8889,"path":"/sendNotification?apikey=e010f506e405"}
2016-11-04T10:55:20.245Z - info: Headers bypassed (multi) to new request: {"host":"localhost:8888","connection":"keep-alive","content-length":"956","authorization":"Basic MU9jNTVRUm9URDlQTVgxZDpPMGcxOXI5QVQ5MzdxOEJQ","postman-token":"dbd5fc9a-ef0a-f88a-47fc-0d1d6af1fcc9","cache-control":"no-cache","origin":"chrome-extension://fhbjgbiflinjbdggehcddcbncdddomop","user-agent":"Mozilla/5.0 (Windows NT 10.0; Win64; x64) AppleWebKit/537.36 (KHTML, like Gecko) Chrome/54.0.2840.71 Safari/537.36","content-type":"application/json","accept":"*/*","accept-encoding":"gzip, deflate, br","accept-language":"es,en-US;q=0.8,en;q=0.6"}
2016-11-04T10:58:11.914Z - info: Your server is listening  on port 8888 (http://localhost:8888/api/v1)
2016-11-04T10:58:11.917Z - info: Swagger-ui is available on http://localhost:8888/api/v1/docs
2016-11-04T10:58:22.076Z - info: Initialize slaManager from: "https://designer.governify.io:10843/rcis-unex/rcis/nimBees/plans.oai-at?accessToken=962b9d32-c615-498b-91d7-9e374d3a94d4"
2016-11-04T10:58:22.443Z - info: Create {
  "name": "nimbees1",
  "url": "https://api.nimbees.com/nimbees_platform_server_api",
  "swagger_url": "https://designer.governify.io:10843/rcis-unex/rcis/nimBees/swagger.yaml?accessToken=962b9d32-c615-498b-91d7-9e374d3a94d4",
  "port": 8889
}
2016-11-04T10:58:54.731Z - info: Referer from: undefined as service: No referer 
2016-11-04T10:58:54.732Z - info: Proxing internal /nimbees1/sendNotification?apikey=e010f506e405 ...
2016-11-04T10:58:54.732Z - info: Sending to: {"hostname":"localhost","port":8889,"path":"/sendNotification?apikey=e010f506e405"}
2016-11-04T10:58:54.732Z - info: Headers bypassed (multi) to new request: {"host":"localhost:8888","connection":"keep-alive","content-length":"956","authorization":"Basic MU9jNTVRUm9URDlQTVgxZDpPMGcxOXI5QVQ5MzdxOEJQ","postman-token":"45e22aa2-f97a-202c-65c0-7e98135697f8","cache-control":"no-cache","origin":"chrome-extension://fhbjgbiflinjbdggehcddcbncdddomop","user-agent":"Mozilla/5.0 (Windows NT 10.0; Win64; x64) AppleWebKit/537.36 (KHTML, like Gecko) Chrome/54.0.2840.71 Safari/537.36","content-type":"application/json","accept":"*/*","accept-encoding":"gzip, deflate, br","accept-language":"es,en-US;q=0.8,en;q=0.6"}
2016-11-04T11:02:55.476Z - info: Your server is listening  on port 8888 (http://localhost:8888/api/v1)
2016-11-04T11:02:55.478Z - info: Swagger-ui is available on http://localhost:8888/api/v1/docs
2016-11-04T11:03:05.581Z - info: Initialize slaManager from: "https://designer.governify.io:10843/rcis-unex/rcis/nimBees/plans.oai-at?accessToken=962b9d32-c615-498b-91d7-9e374d3a94d4"
2016-11-04T11:03:05.948Z - info: Create {
  "name": "nimbees1",
  "url": "https://api.nimbees.com/nimbees_platform_server_api",
  "swagger_url": "https://designer.governify.io:10843/rcis-unex/rcis/nimBees/swagger.yaml?accessToken=962b9d32-c615-498b-91d7-9e374d3a94d4",
  "port": 8889
}
2016-11-04T11:03:10.399Z - info: Referer from: undefined as service: No referer 
2016-11-04T11:03:10.399Z - info: Proxing internal /nimbees1/sendNotification?apikey=e010f506e405 ...
2016-11-04T11:03:10.399Z - info: Sending to: {"hostname":"localhost","port":8889,"path":"/sendNotification?apikey=e010f506e405"}
2016-11-04T11:03:10.399Z - info: Headers bypassed (multi) to new request: {"host":"localhost:8888","connection":"keep-alive","content-length":"956","authorization":"Basic MU9jNTVRUm9URDlQTVgxZDpPMGcxOXI5QVQ5MzdxOEJQ","postman-token":"7302e36d-9b9a-82d2-f405-c8402e0ea5c7","cache-control":"no-cache","origin":"chrome-extension://fhbjgbiflinjbdggehcddcbncdddomop","user-agent":"Mozilla/5.0 (Windows NT 10.0; Win64; x64) AppleWebKit/537.36 (KHTML, like Gecko) Chrome/54.0.2840.71 Safari/537.36","content-type":"application/json","accept":"*/*","accept-encoding":"gzip, deflate, br","accept-language":"es,en-US;q=0.8,en;q=0.6"}
2016-11-04T11:04:18.906Z - info: Your server is listening  on port 8888 (http://localhost:8888/api/v1)
2016-11-04T11:04:18.908Z - info: Swagger-ui is available on http://localhost:8888/api/v1/docs
2016-11-04T11:04:34.426Z - info: Initialize slaManager from: "https://designer.governify.io:10843/rcis-unex/rcis/nimBees/plans.oai-at?accessToken=962b9d32-c615-498b-91d7-9e374d3a94d4"
2016-11-04T11:04:34.803Z - info: Create {
  "name": "nimbees1",
  "url": "https://api.nimbees.com/nimbees_platform_server_api",
  "swagger_url": "https://designer.governify.io:10843/rcis-unex/rcis/nimBees/swagger.yaml?accessToken=962b9d32-c615-498b-91d7-9e374d3a94d4",
  "port": 8889
}
2016-11-04T11:04:39.912Z - info: Referer from: undefined as service: No referer 
2016-11-04T11:04:39.913Z - info: Proxing internal /nimbees1/sendNotification?apikey=e010f506e405 ...
2016-11-04T11:04:39.913Z - info: Sending to: {"hostname":"localhost","port":8889,"path":"/sendNotification?apikey=e010f506e405"}
2016-11-04T11:04:39.913Z - info: Headers bypassed (multi) to new request: {"host":"localhost:8888","connection":"keep-alive","content-length":"956","authorization":"Basic MU9jNTVRUm9URDlQTVgxZDpPMGcxOXI5QVQ5MzdxOEJQ","postman-token":"bd190010-4479-e1df-de97-39da23ca7e7a","cache-control":"no-cache","origin":"chrome-extension://fhbjgbiflinjbdggehcddcbncdddomop","user-agent":"Mozilla/5.0 (Windows NT 10.0; Win64; x64) AppleWebKit/537.36 (KHTML, like Gecko) Chrome/54.0.2840.71 Safari/537.36","content-type":"application/json","accept":"*/*","accept-encoding":"gzip, deflate, br","accept-language":"es,en-US;q=0.8,en;q=0.6"}
2016-11-04T11:06:23.141Z - info: Your server is listening  on port 8888 (http://localhost:8888/api/v1)
2016-11-04T11:06:23.143Z - info: Swagger-ui is available on http://localhost:8888/api/v1/docs
2016-11-04T11:06:30.734Z - info: Initialize slaManager from: "https://designer.governify.io:10843/rcis-unex/rcis/nimBees/plans.oai-at?accessToken=962b9d32-c615-498b-91d7-9e374d3a94d4"
2016-11-04T11:06:31.098Z - info: Create {
  "name": "nimbees1",
  "url": "https://api.nimbees.com/nimbees_platform_server_api",
  "swagger_url": "https://designer.governify.io:10843/rcis-unex/rcis/nimBees/swagger.yaml?accessToken=962b9d32-c615-498b-91d7-9e374d3a94d4",
  "port": 8889
}
2016-11-04T11:06:37.725Z - info: Referer from: undefined as service: No referer 
2016-11-04T11:06:37.725Z - info: Proxing internal /nimbees1/sendNotification?apikey=e010f506e405 ...
2016-11-04T11:06:37.725Z - info: Sending to: {"hostname":"localhost","port":8889,"path":"/sendNotification?apikey=e010f506e405"}
2016-11-04T11:06:37.725Z - info: Headers bypassed (multi) to new request: {"host":"localhost:8888","connection":"keep-alive","content-length":"956","authorization":"Basic MU9jNTVRUm9URDlQTVgxZDpPMGcxOXI5QVQ5MzdxOEJQ","postman-token":"90df41c8-8c28-c818-bf61-5f850464d1d0","cache-control":"no-cache","origin":"chrome-extension://fhbjgbiflinjbdggehcddcbncdddomop","user-agent":"Mozilla/5.0 (Windows NT 10.0; Win64; x64) AppleWebKit/537.36 (KHTML, like Gecko) Chrome/54.0.2840.71 Safari/537.36","content-type":"application/json","accept":"*/*","accept-encoding":"gzip, deflate, br","accept-language":"es,en-US;q=0.8,en;q=0.6"}
2016-11-04T11:11:20.605Z - info: Your server is listening  on port 8888 (http://localhost:8888/api/v1)
2016-11-04T11:11:20.607Z - info: Swagger-ui is available on http://localhost:8888/api/v1/docs
2016-11-04T11:11:31.853Z - info: Initialize slaManager from: "https://designer.governify.io:10843/rcis-unex/rcis/nimBees/plans.oai-at?accessToken=962b9d32-c615-498b-91d7-9e374d3a94d4"
2016-11-04T11:11:32.229Z - info: Create {
  "name": "nimbees1",
  "url": "https://api.nimbees.com/nimbees_platform_server_api",
  "swagger_url": "https://designer.governify.io:10843/rcis-unex/rcis/nimBees/swagger.yaml?accessToken=962b9d32-c615-498b-91d7-9e374d3a94d4",
  "port": 8889
}
2016-11-04T11:11:37.585Z - info: Referer from: undefined as service: No referer 
2016-11-04T11:11:37.586Z - info: Proxing internal /nimbees1/sendNotification?apikey=e010f506e405 ...
2016-11-04T11:11:37.586Z - info: Sending to: {"hostname":"localhost","port":8889,"path":"/sendNotification?apikey=e010f506e405"}
2016-11-04T11:11:37.586Z - info: Headers bypassed (multi) to new request: {"host":"localhost:8888","connection":"keep-alive","content-length":"956","authorization":"Basic MU9jNTVRUm9URDlQTVgxZDpPMGcxOXI5QVQ5MzdxOEJQ","postman-token":"667f2f12-a0d8-9fab-fed1-1405ceeaeb00","cache-control":"no-cache","origin":"chrome-extension://fhbjgbiflinjbdggehcddcbncdddomop","user-agent":"Mozilla/5.0 (Windows NT 10.0; Win64; x64) AppleWebKit/537.36 (KHTML, like Gecko) Chrome/54.0.2840.71 Safari/537.36","content-type":"application/json","accept":"*/*","accept-encoding":"gzip, deflate, br","accept-language":"es,en-US;q=0.8,en;q=0.6"}
2016-11-04T11:15:23.535Z - info: Your server is listening  on port 8888 (http://localhost:8888/api/v1)
2016-11-04T11:15:23.538Z - info: Swagger-ui is available on http://localhost:8888/api/v1/docs
2016-11-04T11:15:57.295Z - info: Your server is listening  on port 8888 (http://localhost:8888/api/v1)
2016-11-04T11:15:57.296Z - info: Swagger-ui is available on http://localhost:8888/api/v1/docs
2016-11-04T11:16:07.898Z - info: Initialize slaManager from: "https://designer.governify.io:10843/rcis-unex/rcis/nimBees/plans.oai-at?accessToken=962b9d32-c615-498b-91d7-9e374d3a94d4"
2016-11-04T11:16:08.273Z - info: Create {
  "name": "nimbees1",
  "url": "https://api.nimbees.com/nimbees_platform_server_api",
  "swagger_url": "https://designer.governify.io:10843/rcis-unex/rcis/nimBees/swagger.yaml?accessToken=962b9d32-c615-498b-91d7-9e374d3a94d4",
  "port": 8889
}
2016-11-04T11:16:12.487Z - info: Referer from: undefined as service: No referer 
2016-11-04T11:16:12.487Z - info: Proxing internal /nimbees1/sendNotification?apikey=e010f506e405 ...
2016-11-04T11:16:12.487Z - info: Sending to: {"hostname":"localhost","port":8889,"path":"/sendNotification?apikey=e010f506e405"}
2016-11-04T11:16:12.487Z - info: Headers bypassed (multi) to new request: {"host":"localhost:8888","connection":"keep-alive","content-length":"956","authorization":"Basic MU9jNTVRUm9URDlQTVgxZDpPMGcxOXI5QVQ5MzdxOEJQ","postman-token":"44f7cac4-e072-2cbe-8d88-8734b2f4af14","cache-control":"no-cache","origin":"chrome-extension://fhbjgbiflinjbdggehcddcbncdddomop","user-agent":"Mozilla/5.0 (Windows NT 10.0; Win64; x64) AppleWebKit/537.36 (KHTML, like Gecko) Chrome/54.0.2840.71 Safari/537.36","content-type":"application/json","accept":"*/*","accept-encoding":"gzip, deflate, br","accept-language":"es,en-US;q=0.8,en;q=0.6"}
2016-11-04T11:16:12.495Z - info: Status from proxied server: 200
2016-11-04T11:16:12.496Z - info: Piping response...
2016-11-04T11:18:19.005Z - info: Your server is listening  on port 8888 (http://localhost:8888/api/v1)
2016-11-04T11:18:19.007Z - info: Swagger-ui is available on http://localhost:8888/api/v1/docs
2016-11-04T11:18:30.329Z - info: Initialize slaManager from: "https://designer.governify.io:10843/rcis-unex/rcis/nimBees/plans.oai-at?accessToken=962b9d32-c615-498b-91d7-9e374d3a94d4"
2016-11-04T11:18:30.704Z - info: Create {
  "name": "nimbees1",
  "url": "https://api.nimbees.com/nimbees_platform_server_api",
  "swagger_url": "https://designer.governify.io:10843/rcis-unex/rcis/nimBees/swagger.yaml?accessToken=962b9d32-c615-498b-91d7-9e374d3a94d4",
  "port": 8889
}
2016-11-04T11:18:36.797Z - info: Referer from: undefined as service: No referer 
2016-11-04T11:18:36.797Z - info: Proxing internal /nimbees1/sendNotification?apikey=e010f506e405 ...
2016-11-04T11:18:36.797Z - info: Sending to: {"hostname":"localhost","port":8889,"path":"/sendNotification?apikey=e010f506e405"}
2016-11-04T11:18:36.798Z - info: Headers bypassed (multi) to new request: {"host":"localhost:8888","connection":"keep-alive","content-length":"956","authorization":"Basic MU9jNTVRUm9URDlQTVgxZDpPMGcxOXI5QVQ5MzdxOEJQ","postman-token":"04b7b950-df71-bc24-8f9f-045d575eec5b","cache-control":"no-cache","origin":"chrome-extension://fhbjgbiflinjbdggehcddcbncdddomop","user-agent":"Mozilla/5.0 (Windows NT 10.0; Win64; x64) AppleWebKit/537.36 (KHTML, like Gecko) Chrome/54.0.2840.71 Safari/537.36","content-type":"application/json","accept":"*/*","accept-encoding":"gzip, deflate, br","accept-language":"es,en-US;q=0.8,en;q=0.6"}
2016-11-04T11:20:20.457Z - info: Your server is listening  on port 8888 (http://localhost:8888/api/v1)
2016-11-04T11:20:20.460Z - info: Swagger-ui is available on http://localhost:8888/api/v1/docs
2016-11-04T11:21:24.942Z - info: Your server is listening  on port 8888 (http://localhost:8888/api/v1)
2016-11-04T11:21:24.944Z - info: Swagger-ui is available on http://localhost:8888/api/v1/docs
2016-11-04T11:21:33.710Z - info: Initialize slaManager from: "https://designer.governify.io:10843/rcis-unex/rcis/nimBees/plans.oai-at?accessToken=962b9d32-c615-498b-91d7-9e374d3a94d4"
2016-11-04T11:21:34.097Z - info: Create {
  "name": "nimbees1",
  "url": "https://api.nimbees.com/nimbees_platform_server_api",
  "swagger_url": "https://designer.governify.io:10843/rcis-unex/rcis/nimBees/swagger.yaml?accessToken=962b9d32-c615-498b-91d7-9e374d3a94d4",
  "port": 8889
}
2016-11-04T11:21:52.302Z - info: Referer from: undefined as service: No referer 
2016-11-04T11:21:52.302Z - info: Proxing internal /nimbees1/sendNotification?apikey=e010f506e405 ...
2016-11-04T11:21:52.302Z - info: Sending to: {"hostname":"localhost","port":8889,"path":"/sendNotification?apikey=e010f506e405"}
2016-11-04T11:21:52.302Z - info: Headers bypassed (multi) to new request: {"host":"localhost:8888","connection":"keep-alive","content-length":"956","authorization":"Basic MU9jNTVRUm9URDlQTVgxZDpPMGcxOXI5QVQ5MzdxOEJQ","postman-token":"04c9e422-49c6-bdd8-b9a3-30c8743cd06f","cache-control":"no-cache","origin":"chrome-extension://fhbjgbiflinjbdggehcddcbncdddomop","user-agent":"Mozilla/5.0 (Windows NT 10.0; Win64; x64) AppleWebKit/537.36 (KHTML, like Gecko) Chrome/54.0.2840.71 Safari/537.36","content-type":"application/json","accept":"*/*","accept-encoding":"gzip, deflate, br","accept-language":"es,en-US;q=0.8,en;q=0.6"}
2016-11-04T11:21:52.308Z - info: Status from proxied server: 200
2016-11-04T11:21:52.308Z - info: Piping response...
